<html>
<head>
<title>TestNG:  Surefire test</title>
<link href="../testng.css" rel="stylesheet" type="text/css" />
<link href="../my-testng.css" rel="stylesheet" type="text/css" />

<style type="text/css">
.log { display: none;} 
.stack-trace { display: none;} 
</style>
<script type="text/javascript">
<!--
function flip(e) {
  current = e.style.display;
  if (current == 'block') {
    e.style.display = 'none';
    return 0;
  }
  else {
    e.style.display = 'block';
    return 1;
  }
}

function toggleBox(szDivId, elem, msg1, msg2)
{
  var res = -1;  if (document.getElementById) {
    res = flip(document.getElementById(szDivId));
  }
  else if (document.all) {
    // this is the way old msie versions work
    res = flip(document.all[szDivId]);
  }
  if(elem) {
    if(res == 0) elem.innerHTML = msg1; else elem.innerHTML = msg2;
  }

}

function toggleAllBoxes() {
  if (document.getElementsByTagName) {
    d = document.getElementsByTagName('div');
    for (i = 0; i < d.length; i++) {
      if (d[i].className == 'log') {
        flip(d[i]);
      }
    }
  }
}

// -->
</script>

</head>
<body>
<h2 align='center'>Surefire test</h2><table border='1' align="center">
<tr>
<td>Tests passed/Failed/Skipped:</td><td>15/4/0</td>
</tr><tr>
<td>Started on:</td><td>Thu Feb 15 19:27:35 EET 2024</td>
</tr>
<tr><td>Total time:</td><td>162 seconds (162866 ms)</td>
</tr><tr>
<td>Included groups:</td><td></td>
</tr><tr>
<td>Excluded groups:</td><td></td>
</tr>
</table><p/>
<small><i>(Hover the method name to see the test class name)</i></small><p/>
<table width='100%' border='1' class='invocation-failed'>
<tr><td colspan='4' align='center'><b>FAILED TESTS</b></td></tr>
<tr><td><b>Test method</b></td>
<td><b>Attribute(s)</b></td>
<td width="30%"><b>Exception</b></td>
<td width="10%"><b>Time (seconds)</b></td>
<td><b>Instance</b></td>
</tr>
<tr>
<td title='org.example.testRunner.runners.runScenario()'><b>runScenario</b><br>Test class: org.example.testRunner.runners<br>Test method: Runs Cucumber Scenarios<br>Parameters: "user could search using product name", "F04_Search | users could use Search functionality to find products"</td>
<td><div><pre>java.lang.AssertionError: The following asserts failed:
	Search result verification failed for result #2 expected [true] but found [false],
	Search result verification failed for result #6 expected [true] but found [false]
	at org.example.pages.P03_homePage.searchResultsForSearchProduct(P03_homePage.java:162)
	at org.example.stepDefinitions.D04_SearchStepDef.search_results_for_product_are_displayed(D04_SearchStepDef.java:23)
	at ✽.search results for &quot;book&quot; are displayed(file:///E:/Automation/nopcommerce-testing-main/src/main/resources/Features/F04_Search.feature:7)
... Removed 2 stack frames</pre></div><a href='#' onClick='toggleBox("stack-trace438270414", this, "Click to show all stack frames", "Click to hide stack frames")'>Click to show all stack frames</a>
<div class='stack-trace' id='stack-trace438270414'><pre>java.lang.AssertionError: The following asserts failed:
	Search result verification failed for result #2 expected [true] but found [false],
	Search result verification failed for result #6 expected [true] but found [false]
	at org.testng.asserts.SoftAssert.assertAll(SoftAssert.java:46)
	at org.testng.asserts.SoftAssert.assertAll(SoftAssert.java:30)
	at org.example.pages.P03_homePage.searchResultsForSearchProduct(P03_homePage.java:162)
	at org.example.stepDefinitions.D04_SearchStepDef.search_results_for_product_are_displayed(D04_SearchStepDef.java:23)
	at ✽.search results for &quot;book&quot; are displayed(file:///E:/Automation/nopcommerce-testing-main/src/main/resources/Features/F04_Search.feature:7)
</pre></div></td>
<td>5</td>
<td>org.example.testRunner.runners@48aaecc3</td></tr>
<tr>
<td title='org.example.testRunner.runners.runScenario()'><b>runScenario</b><br>Test class: org.example.testRunner.runners<br>Test method: Runs Cucumber Scenarios<br>Parameters: "user opens RSS link", "F07_followUs | Opens Facebook Link"</td>
<td><div><pre>java.lang.IndexOutOfBoundsException: Index 1 out of bounds for length 1
	at java.base/jdk.internal.util.Preconditions.outOfBounds(Preconditions.java:100)
	at java.base/jdk.internal.util.Preconditions.outOfBoundsCheckIndex(Preconditions.java:106)
	at java.base/jdk.internal.util.Preconditions.checkIndex(Preconditions.java:302)
	at java.base/java.util.Objects.checkIndex(Objects.java:385)
	at java.base/java.util.ArrayList.get(ArrayList.java:427)
	at org.example.pages.P03_homePage.handleSecondPage(P03_homePage.java:241)
	at org.example.stepDefinitions.D07_FollowUsStepDef.user_redirect_to_RSS_page_url(D07_FollowUsStepDef.java:50)
	at ✽.user redirect to RSS page URL(file:///E:/Automation/nopcommerce-testing-main/src/main/resources/Features/F07_FollowUs.feature:18)
</pre></div><a href='#' onClick='toggleBox("stack-trace726149546", this, "Click to show all stack frames", "Click to hide stack frames")'>Click to show all stack frames</a>
<div class='stack-trace' id='stack-trace726149546'><pre>java.lang.IndexOutOfBoundsException: Index 1 out of bounds for length 1
	at java.base/jdk.internal.util.Preconditions.outOfBounds(Preconditions.java:100)
	at java.base/jdk.internal.util.Preconditions.outOfBoundsCheckIndex(Preconditions.java:106)
	at java.base/jdk.internal.util.Preconditions.checkIndex(Preconditions.java:302)
	at java.base/java.util.Objects.checkIndex(Objects.java:385)
	at java.base/java.util.ArrayList.get(ArrayList.java:427)
	at org.example.pages.P03_homePage.handleSecondPage(P03_homePage.java:241)
	at org.example.stepDefinitions.D07_FollowUsStepDef.user_redirect_to_RSS_page_url(D07_FollowUsStepDef.java:50)
	at ✽.user redirect to RSS page URL(file:///E:/Automation/nopcommerce-testing-main/src/main/resources/Features/F07_FollowUs.feature:18)
</pre></div></td>
<td>8</td>
<td>org.example.testRunner.runners@48aaecc3</td></tr>
<tr>
<td title='org.example.testRunner.runners.runScenario()'><b>runScenario</b><br>Test class: org.example.testRunner.runners<br>Test method: Runs Cucumber Scenarios<br>Parameters: "open first slider that will direct you to iphone 14 pro product", "F06_homeSliders |"</td>
<td><div><pre>java.lang.AssertionError: Unexpected URL: https://demo.nopcommerce.com/
	at org.example.pages.P03_homePage.validateUrls(P03_homePage.java:228)
	at org.example.stepDefinitions.D06_HomeSlidersStepDef.validate_on_url_is_right(D06_HomeSlidersStepDef.java:23)
	at ✽.validate the URL is right(file:///E:/Automation/nopcommerce-testing-main/src/main/resources/Features/F06_HomeSliders.feature:7)
... Removed 1 stack frames</pre></div><a href='#' onClick='toggleBox("stack-trace920914400", this, "Click to show all stack frames", "Click to hide stack frames")'>Click to show all stack frames</a>
<div class='stack-trace' id='stack-trace920914400'><pre>java.lang.AssertionError: Unexpected URL: https://demo.nopcommerce.com/
	at org.testng.Assert.fail(Assert.java:111)
	at org.example.pages.P03_homePage.validateUrls(P03_homePage.java:228)
	at org.example.stepDefinitions.D06_HomeSlidersStepDef.validate_on_url_is_right(D06_HomeSlidersStepDef.java:23)
	at ✽.validate the URL is right(file:///E:/Automation/nopcommerce-testing-main/src/main/resources/Features/F06_HomeSliders.feature:7)
</pre></div></td>
<td>7</td>
<td>org.example.testRunner.runners@48aaecc3</td></tr>
<tr>
<td title='org.example.testRunner.runners.runScenario()'><b>runScenario</b><br>Test class: org.example.testRunner.runners<br>Test method: Runs Cucumber Scenarios<br>Parameters: "open second slider that will direct you to S22Ultra product", "F06_homeSliders |"</td>
<td><div><pre>java.lang.AssertionError: Unexpected URL: https://demo.nopcommerce.com/
	at org.example.pages.P03_homePage.validateUrls(P03_homePage.java:228)
	at org.example.stepDefinitions.D06_HomeSlidersStepDef.validate_on_url(D06_HomeSlidersStepDef.java:37)
	at ✽.validate the URL(file:///E:/Automation/nopcommerce-testing-main/src/main/resources/Features/F06_HomeSliders.feature:12)
... Removed 1 stack frames</pre></div><a href='#' onClick='toggleBox("stack-trace1538883559", this, "Click to show all stack frames", "Click to hide stack frames")'>Click to show all stack frames</a>
<div class='stack-trace' id='stack-trace1538883559'><pre>java.lang.AssertionError: Unexpected URL: https://demo.nopcommerce.com/
	at org.testng.Assert.fail(Assert.java:111)
	at org.example.pages.P03_homePage.validateUrls(P03_homePage.java:228)
	at org.example.stepDefinitions.D06_HomeSlidersStepDef.validate_on_url(D06_HomeSlidersStepDef.java:37)
	at ✽.validate the URL(file:///E:/Automation/nopcommerce-testing-main/src/main/resources/Features/F06_HomeSliders.feature:12)
</pre></div></td>
<td>7</td>
<td>org.example.testRunner.runners@48aaecc3</td></tr>
</table><p>
<table width='100%' border='1' class='invocation-passed'>
<tr><td colspan='4' align='center'><b>PASSED TESTS</b></td></tr>
<tr><td><b>Test method</b></td>
<td><b>Attribute(s)</b></td>
<td width="30%"><b>Exception</b></td>
<td width="10%"><b>Time (seconds)</b></td>
<td><b>Instance</b></td>
</tr>
<tr>
<td title='org.example.testRunner.runners.runScenario()'><b>runScenario</b><br>Test class: org.example.testRunner.runners<br>Test method: Runs Cucumber Scenarios<br>Parameters: "user could login with valid email and password", "F02_Login | users could use login functionality to use their accounts"</td>
<td></td>
<td>5</td>
<td>org.example.testRunner.runners@48aaecc3</td></tr>
<tr>
<td title='org.example.testRunner.runners.runScenario()'><b>runScenario</b><br>Test class: org.example.testRunner.runners<br>Test method: Runs Cucumber Scenarios<br>Parameters: "user opens facebook link", "F07_followUs | Opens Facebook Link"</td>
<td></td>
<td>7</td>
<td>org.example.testRunner.runners@48aaecc3</td></tr>
<tr>
<td title='org.example.testRunner.runners.runScenario()'><b>runScenario</b><br>Test class: org.example.testRunner.runners<br>Test method: Runs Cucumber Scenarios<br>Parameters: "user could search for product using sku", "F04_Search | users could use Search functionality to find products"</td>
<td></td>
<td>5</td>
<td>org.example.testRunner.runners@48aaecc3</td></tr>
<tr>
<td title='org.example.testRunner.runners.runScenario()'><b>runScenario</b><br>Test class: org.example.testRunner.runners<br>Test method: Runs Cucumber Scenarios<br>Parameters: "user could login with invalid email and password", "F02_Login | users could use login functionality to use their accounts"</td>
<td></td>
<td>5</td>
<td>org.example.testRunner.runners@48aaecc3</td></tr>
<tr>
<td title='org.example.testRunner.runners.runScenario()'><b>runScenario</b><br>Test class: org.example.testRunner.runners<br>Test method: Runs Cucumber Scenarios<br>Parameters: "user opens Youtube link", "F07_followUs | Opens Facebook Link"</td>
<td></td>
<td>28</td>
<td>org.example.testRunner.runners@48aaecc3</td></tr>
<tr>
<td title='org.example.testRunner.runners.runScenario()'><b>runScenario</b><br>Test class: org.example.testRunner.runners<br>Test method: Runs Cucumber Scenarios<br>Parameters: "validate product qty in wishlist page", "F08_Wishlist | add to Wishlist"</td>
<td></td>
<td>7</td>
<td>org.example.testRunner.runners@48aaecc3</td></tr>
<tr>
<td title='org.example.testRunner.runners.runScenario()'><b>runScenario</b><br>Test class: org.example.testRunner.runners<br>Test method: Runs Cucumber Scenarios<br>Parameters: "users could choose their currency successfully", "F03_currencies | Change currency"</td>
<td></td>
<td>6</td>
<td>org.example.testRunner.runners@48aaecc3</td></tr>
<tr>
<td title='org.example.testRunner.runners.runScenario()'><b>runScenario</b><br>Test class: org.example.testRunner.runners<br>Test method: Runs Cucumber Scenarios<br>Parameters: "user could search using product name", "F04_Search | users could use Search functionality to find products"</td>
<td></td>
<td>5</td>
<td>org.example.testRunner.runners@48aaecc3</td></tr>
<tr>
<td title='org.example.testRunner.runners.runScenario()'><b>runScenario</b><br>Test class: org.example.testRunner.runners<br>Test method: Runs Cucumber Scenarios<br>Parameters: "user could search for product using sku", "F04_Search | users could use Search functionality to find products"</td>
<td></td>
<td>7</td>
<td>org.example.testRunner.runners@48aaecc3</td></tr>
<tr>
<td title='org.example.testRunner.runners.runScenario()'><b>runScenario</b><br>Test class: org.example.testRunner.runners<br>Test method: Runs Cucumber Scenarios<br>Parameters: "add HTC One M8 Android L 5.0 Lollipop to wishlist", "F08_Wishlist | add to Wishlist"</td>
<td></td>
<td>6</td>
<td>org.example.testRunner.runners@48aaecc3</td></tr>
<tr>
<td title='org.example.testRunner.runners.runScenario()'><b>runScenario</b><br>Test class: org.example.testRunner.runners<br>Test method: Runs Cucumber Scenarios<br>Parameters: "user could search for product using sku", "F04_Search | users could use Search functionality to find products"</td>
<td></td>
<td>6</td>
<td>org.example.testRunner.runners@48aaecc3</td></tr>
<tr>
<td title='org.example.testRunner.runners.runScenario()'><b>runScenario</b><br>Test class: org.example.testRunner.runners<br>Test method: Runs Cucumber Scenarios<br>Parameters: "user opens Twitter link", "F07_followUs | Opens Facebook Link"</td>
<td></td>
<td>10</td>
<td>org.example.testRunner.runners@48aaecc3</td></tr>
<tr>
<td title='org.example.testRunner.runners.runScenario()'><b>runScenario</b><br>Test class: org.example.testRunner.runners<br>Test method: Runs Cucumber Scenarios<br>Parameters: "guest user could register with valid data successfully", "F01_Register | users could register with new account"</td>
<td></td>
<td>10</td>
<td>org.example.testRunner.runners@48aaecc3</td></tr>
<tr>
<td title='org.example.testRunner.runners.runScenario()'><b>runScenario</b><br>Test class: org.example.testRunner.runners<br>Test method: Runs Cucumber Scenarios<br>Parameters: "user could search using product name", "F04_Search | users could use Search functionality to find products"</td>
<td></td>
<td>5</td>
<td>org.example.testRunner.runners@48aaecc3</td></tr>
<tr>
<td title='org.example.testRunner.runners.runScenario()'><b>runScenario</b><br>Test class: org.example.testRunner.runners<br>Test method: Runs Cucumber Scenarios<br>Parameters: "hover on computers menu", "F05_hoverCategories | hover on main categories"</td>
<td></td>
<td>13</td>
<td>org.example.testRunner.runners@48aaecc3</td></tr>
</table><p>
</body>
</html>