<?xml version="1.0" encoding="UTF-8"?>
<!-- Generated by org.testng.reporters.JUnitXMLReporter -->
<testsuite ignored="0" hostname="DESKTOP-QP76K1J" failures="4" tests="19" name="Surefire test" time="162.866" errors="0" timestamp="2024-02-15T19:30:17 EET">
  <testcase classname="io.cucumber.testng.AbstractTestNGCucumberTests" name="runScenario" time="10.684"/>
  <testcase classname="io.cucumber.testng.AbstractTestNGCucumberTests" name="runScenario" time="5.966"/>
  <testcase classname="io.cucumber.testng.AbstractTestNGCucumberTests" name="runScenario" time="5.944"/>
  <testcase classname="io.cucumber.testng.AbstractTestNGCucumberTests" name="runScenario" time="6.857"/>
  <testcase classname="io.cucumber.testng.AbstractTestNGCucumberTests" name="runScenario" time="5.985">
    <failure type="java.lang.AssertionError" message="The following asserts failed:
	Search result verification failed for result #2 expected [true] but found [false],
	Search result verification failed for result #6 expected [true] but found [false]">
      <![CDATA[java.lang.AssertionError: The following asserts failed:
Search result verification failed for result #2 expected [true] but found [false],
Search result verification failed for result #6 expected [true] but found [false]
at org.example.pages.P03_homePage.searchResultsForSearchProduct(P03_homePage.java:162)
at org.example.stepDefinitions.D04_SearchStepDef.search_results_for_product_are_displayed(D04_SearchStepDef.java:23)
at ✽.search results for "book" are displayed(file:///E:/Automation/nopcommerce-testing-main/src/main/resources/Features/F04_Search.feature:7)
... Removed 2 stack frames]]>
    </failure>
  </testcase> <!-- runScenario -->
  <testcase classname="io.cucumber.testng.AbstractTestNGCucumberTests" name="runScenario" time="5.888"/>
  <testcase classname="io.cucumber.testng.AbstractTestNGCucumberTests" name="runScenario" time="5.405"/>
  <testcase classname="io.cucumber.testng.AbstractTestNGCucumberTests" name="runScenario" time="5.99"/>
  <testcase classname="io.cucumber.testng.AbstractTestNGCucumberTests" name="runScenario" time="7.05"/>
  <testcase classname="io.cucumber.testng.AbstractTestNGCucumberTests" name="runScenario" time="6.881"/>
  <testcase classname="io.cucumber.testng.AbstractTestNGCucumberTests" name="runScenario" time="13.006"/>
  <testcase classname="io.cucumber.testng.AbstractTestNGCucumberTests" name="runScenario" time="7.981">
    <failure type="java.lang.AssertionError" message="Unexpected URL: https://demo.nopcommerce.com/">
      <![CDATA[java.lang.AssertionError: Unexpected URL: https://demo.nopcommerce.com/
at org.example.pages.P03_homePage.validateUrls(P03_homePage.java:228)
at org.example.stepDefinitions.D06_HomeSlidersStepDef.validate_on_url_is_right(D06_HomeSlidersStepDef.java:23)
at ✽.validate the URL is right(file:///E:/Automation/nopcommerce-testing-main/src/main/resources/Features/F06_HomeSliders.feature:7)
... Removed 1 stack frames]]>
    </failure>
  </testcase> <!-- runScenario -->
  <testcase classname="io.cucumber.testng.AbstractTestNGCucumberTests" name="runScenario" time="7.297">
    <failure type="java.lang.AssertionError" message="Unexpected URL: https://demo.nopcommerce.com/">
      <![CDATA[java.lang.AssertionError: Unexpected URL: https://demo.nopcommerce.com/
at org.example.pages.P03_homePage.validateUrls(P03_homePage.java:228)
at org.example.stepDefinitions.D06_HomeSlidersStepDef.validate_on_url(D06_HomeSlidersStepDef.java:37)
at ✽.validate the URL(file:///E:/Automation/nopcommerce-testing-main/src/main/resources/Features/F06_HomeSliders.feature:12)
... Removed 1 stack frames]]>
    </failure>
  </testcase> <!-- runScenario -->
  <testcase classname="io.cucumber.testng.AbstractTestNGCucumberTests" name="runScenario" time="7.25"/>
  <testcase classname="io.cucumber.testng.AbstractTestNGCucumberTests" name="runScenario" time="10.423"/>
  <testcase classname="io.cucumber.testng.AbstractTestNGCucumberTests" name="runScenario" time="8.194">
    <failure type="java.lang.IndexOutOfBoundsException" message="Index 1 out of bounds for length 1">
      <![CDATA[java.lang.IndexOutOfBoundsException: Index 1 out of bounds for length 1
at java.base/jdk.internal.util.Preconditions.outOfBounds(Preconditions.java:100)
at java.base/jdk.internal.util.Preconditions.outOfBoundsCheckIndex(Preconditions.java:106)
at java.base/jdk.internal.util.Preconditions.checkIndex(Preconditions.java:302)
at java.base/java.util.Objects.checkIndex(Objects.java:385)
at java.base/java.util.ArrayList.get(ArrayList.java:427)
at org.example.pages.P03_homePage.handleSecondPage(P03_homePage.java:241)
at org.example.stepDefinitions.D07_FollowUsStepDef.user_redirect_to_RSS_page_url(D07_FollowUsStepDef.java:50)
at ✽.user redirect to RSS page URL(file:///E:/Automation/nopcommerce-testing-main/src/main/resources/Features/F07_FollowUs.feature:18)
]]>
    </failure>
  </testcase> <!-- runScenario -->
  <testcase classname="io.cucumber.testng.AbstractTestNGCucumberTests" name="runScenario" time="28.33"/>
  <testcase classname="io.cucumber.testng.AbstractTestNGCucumberTests" name="runScenario" time="6.277"/>
  <testcase classname="io.cucumber.testng.AbstractTestNGCucumberTests" name="runScenario" time="7.08"/>
</testsuite> <!-- Surefire test -->
